[    1768ms] [LOG] Loaded model: tower-ice (mesh maxDim=1.899) @ http://localhost:5175/src/main.js:1012
[    1843ms] [LOG] Loaded model: tower-magic (mesh maxDim=1.899) @ http://localhost:5175/src/main.js:1012
[    1857ms] [LOG] Loaded model: enemy-orc (mesh maxDim=1.898) @ http://localhost:5175/src/main.js:1012
[    1883ms] [LOG] Loaded model: enemy-goblin (mesh maxDim=0.010) @ http://localhost:5175/src/main.js:1012
[    1888ms] [LOG] Loaded model: tower-cannon (mesh maxDim=1.899) @ http://localhost:5175/src/main.js:1012
[    2091ms] [LOG] Loaded model: enemy-bat (mesh maxDim=0.019) @ http://localhost:5175/src/main.js:1012
[    2308ms] [LOG] Loaded model: enemy-boss (mesh maxDim=1.899) @ http://localhost:5175/src/main.js:1012
[    2865ms] [LOG] Loaded model: tower-arrow (mesh maxDim=1.899) @ http://localhost:5175/src/main.js:1012
[    3097ms] [LOG] Loaded model: enemy-golem (mesh maxDim=0.010) @ http://localhost:5175/src/main.js:1012
[    3278ms] [LOG] Loaded model: enemy-troll (mesh maxDim=1.899) @ http://localhost:5175/src/main.js:1012
[    3285ms] [LOG] Loaded model: portal (mesh maxDim=1.899) @ http://localhost:5175/src/main.js:1012
[    3317ms] [LOG] Loaded model: tree-pine (mesh maxDim=1.899) @ http://localhost:5175/src/main.js:1012
[    3369ms] [LOG] Loaded model: stalagmite (mesh maxDim=1.899) @ http://localhost:5175/src/main.js:1012
[    3370ms] [ERROR] Failed to load resource: the server responded with a status of 404 (Not Found) @ http://localhost:5175/favicon.ico:0
[    3421ms] [LOG] Loaded model: rock-forest (mesh maxDim=1.899) @ http://localhost:5175/src/main.js:1012
[    3490ms] [LOG] Loaded model: temple (mesh maxDim=1.899) @ http://localhost:5175/src/main.js:1012
[    3523ms] [LOG] Loaded model: rock-cave (mesh maxDim=1.899) @ http://localhost:5175/src/main.js:1012
[    3793ms] [LOG] Loaded model: mushroom-cave (mesh maxDim=1.899) @ http://localhost:5175/src/main.js:1012
[    3840ms] [LOG] Loaded model: volcano-small (mesh maxDim=1.898) @ http://localhost:5175/src/main.js:1012
[    3873ms] [LOG] Loaded model: path-corner (mesh maxDim=1.898) @ http://localhost:5175/src/main.js:1012
[    3886ms] [LOG] Loaded model: rock-lava (mesh maxDim=1.899) @ http://localhost:5175/src/main.js:1012
[    4071ms] [LOG] Loaded model: path-straight (mesh maxDim=1.900) @ http://localhost:5175/src/main.js:1012
[    4072ms] [LOG] All models loaded, refreshing level preview... @ http://localhost:5175/src/main.js:977
[  302840ms] [LOG] Loaded model: tower-ice (mesh maxDim=1.899) @ http://localhost:5175/src/main.js?t=1776057658519:1012
[  302842ms] [LOG] Loaded model: tower-cannon (mesh maxDim=1.899) @ http://localhost:5175/src/main.js?t=1776057658519:1012
[  302857ms] [LOG] Loaded model: tower-magic (mesh maxDim=1.899) @ http://localhost:5175/src/main.js?t=1776057658519:1012
[  302902ms] [LOG] Loaded model: enemy-orc (mesh maxDim=1.898) @ http://localhost:5175/src/main.js?t=1776057658519:1012
[  302910ms] [LOG] Loaded model: enemy-goblin (mesh maxDim=0.010) @ http://localhost:5175/src/main.js?t=1776057658519:1012
[  303068ms] [LOG] Loaded model: enemy-bat (mesh maxDim=0.019) @ http://localhost:5175/src/main.js?t=1776057658519:1012
[  303981ms] [LOG] Loaded model: enemy-boss (mesh maxDim=1.899) @ http://localhost:5175/src/main.js?t=1776057658519:1012
[  303984ms] [LOG] Loaded model: tower-arrow (mesh maxDim=1.899) @ http://localhost:5175/src/main.js?t=1776057658519:1012
[  304059ms] [LOG] Loaded model: enemy-golem (mesh maxDim=0.010) @ http://localhost:5175/src/main.js?t=1776057658519:1012
[  304175ms] [LOG] Loaded model: portal (mesh maxDim=1.899) @ http://localhost:5175/src/main.js?t=1776057658519:1012
[  304658ms] [LOG] Loaded model: stalagmite (mesh maxDim=1.899) @ http://localhost:5175/src/main.js?t=1776057658519:1012
[  304676ms] [LOG] Loaded model: enemy-troll (mesh maxDim=1.899) @ http://localhost:5175/src/main.js?t=1776057658519:1012
[  304773ms] [LOG] Loaded model: rock-forest (mesh maxDim=1.899) @ http://localhost:5175/src/main.js?t=1776057658519:1012
[  304894ms] [LOG] Loaded model: tree-pine (mesh maxDim=1.899) @ http://localhost:5175/src/main.js?t=1776057658519:1012
[  305563ms] [LOG] Loaded model: rock-cave (mesh maxDim=1.899) @ http://localhost:5175/src/main.js?t=1776057658519:1012
[  306061ms] [LOG] Loaded model: mushroom-cave (mesh maxDim=1.899) @ http://localhost:5175/src/main.js?t=1776057658519:1012
[  306144ms] [LOG] Loaded model: volcano-small (mesh maxDim=1.898) @ http://localhost:5175/src/main.js?t=1776057658519:1012
[  306151ms] [LOG] Loaded model: temple (mesh maxDim=1.899) @ http://localhost:5175/src/main.js?t=1776057658519:1012
[  306198ms] [LOG] Loaded model: path-corner (mesh maxDim=1.898) @ http://localhost:5175/src/main.js?t=1776057658519:1012
[  306203ms] [LOG] Loaded model: rock-lava (mesh maxDim=1.899) @ http://localhost:5175/src/main.js?t=1776057658519:1012
[  306374ms] [LOG] Loaded model: path-straight (mesh maxDim=1.900) @ http://localhost:5175/src/main.js?t=1776057658519:1012
[  306374ms] [LOG] All models loaded, refreshing level preview... @ http://localhost:5175/src/main.js?t=1776057658519:977
[  404447ms] [LOG] Loaded model: tower-ice (mesh maxDim=1.899) @ http://localhost:5175/src/main.js?t=1776057757161:1012
[  404523ms] [LOG] Loaded model: enemy-orc (mesh maxDim=1.898) @ http://localhost:5175/src/main.js?t=1776057757161:1012
[  405143ms] [LOG] Loaded model: tower-cannon (mesh maxDim=1.899) @ http://localhost:5175/src/main.js?t=1776057757161:1012
[  405168ms] [LOG] Loaded model: tower-magic (mesh maxDim=1.899) @ http://localhost:5175/src/main.js?t=1776057757161:1012
[  405241ms] [LOG] Loaded model: enemy-goblin (mesh maxDim=0.010) @ http://localhost:5175/src/main.js?t=1776057757161:1012
[  405400ms] [LOG] Loaded model: enemy-bat (mesh maxDim=0.019) @ http://localhost:5175/src/main.js?t=1776057757161:1012
[  405647ms] [LOG] Loaded model: enemy-boss (mesh maxDim=1.899) @ http://localhost:5175/src/main.js?t=1776057757161:1012
[  406211ms] [LOG] Loaded model: tower-arrow (mesh maxDim=1.899) @ http://localhost:5175/src/main.js?t=1776057757161:1012
[  406218ms] [LOG] Loaded model: enemy-golem (mesh maxDim=0.010) @ http://localhost:5175/src/main.js?t=1776057757161:1012
[  406606ms] [LOG] Loaded model: enemy-troll (mesh maxDim=1.899) @ http://localhost:5175/src/main.js?t=1776057757161:1012
[  406660ms] [LOG] Loaded model: tree-pine (mesh maxDim=1.899) @ http://localhost:5175/src/main.js?t=1776057757161:1012
[  406700ms] [LOG] Loaded model: portal (mesh maxDim=1.899) @ http://localhost:5175/src/main.js?t=1776057757161:1012
[  406726ms] [LOG] Loaded model: stalagmite (mesh maxDim=1.899) @ http://localhost:5175/src/main.js?t=1776057757161:1012
[  406835ms] [LOG] Loaded model: rock-forest (mesh maxDim=1.899) @ http://localhost:5175/src/main.js?t=1776057757161:1012
[  407152ms] [LOG] Loaded model: rock-cave (mesh maxDim=1.899) @ http://localhost:5175/src/main.js?t=1776057757161:1012
[  407163ms] [LOG] Loaded model: temple (mesh maxDim=1.899) @ http://localhost:5175/src/main.js?t=1776057757161:1012
[  407168ms] [LOG] Loaded model: volcano-small (mesh maxDim=1.898) @ http://localhost:5175/src/main.js?t=1776057757161:1012
[  407203ms] [LOG] Loaded model: mushroom-cave (mesh maxDim=1.899) @ http://localhost:5175/src/main.js?t=1776057757161:1012
[  407423ms] [LOG] Loaded model: path-corner (mesh maxDim=1.898) @ http://localhost:5175/src/main.js?t=1776057757161:1012
[  407428ms] [LOG] Loaded model: rock-lava (mesh maxDim=1.899) @ http://localhost:5175/src/main.js?t=1776057757161:1012
[  407567ms] [LOG] Loaded model: path-straight (mesh maxDim=1.900) @ http://localhost:5175/src/main.js?t=1776057757161:1012
[  407567ms] [LOG] All models loaded, refreshing level preview... @ http://localhost:5175/src/main.js?t=1776057757161:977
[ 3500839ms] [LOG] Loaded model: tower-ice (mesh maxDim=1.899) @ http://localhost:5175/src/main.js?t=1776060854667:1013
[ 3501888ms] [LOG] Loaded model: enemy-orc (mesh maxDim=1.898) @ http://localhost:5175/src/main.js?t=1776060854667:1013
[ 3502353ms] [LOG] Loaded model: tower-magic (mesh maxDim=1.899) @ http://localhost:5175/src/main.js?t=1776060854667:1013
[ 3503807ms] [LOG] Loaded model: tower-cannon (mesh maxDim=1.899) @ http://localhost:5175/src/main.js?t=1776060854667:1013
[ 3504101ms] [LOG] Loaded model: enemy-goblin (mesh maxDim=0.010) @ http://localhost:5175/src/main.js?t=1776060854667:1013
[ 3505426ms] [LOG] Loaded model: enemy-bat (mesh maxDim=0.019) @ http://localhost:5175/src/main.js?t=1776060854667:1013
[ 3506288ms] [LOG] Loaded model: enemy-boss (mesh maxDim=1.899) @ http://localhost:5175/src/main.js?t=1776060854667:1013
[ 3506329ms] [LOG] Loaded model: tower-arrow (mesh maxDim=1.899) @ http://localhost:5175/src/main.js?t=1776060854667:1013
[ 3506361ms] [LOG] Loaded model: enemy-golem (mesh maxDim=0.010) @ http://localhost:5175/src/main.js?t=1776060854667:1013
[ 3507066ms] [LOG] Loaded model: enemy-troll (mesh maxDim=1.899) @ http://localhost:5175/src/main.js?t=1776060854667:1013
[ 3507095ms] [LOG] Loaded model: tree-pine (mesh maxDim=1.899) @ http://localhost:5175/src/main.js?t=1776060854667:1013
[ 3507122ms] [LOG] Loaded model: portal (mesh maxDim=1.899) @ http://localhost:5175/src/main.js?t=1776060854667:1013
[ 3507150ms] [LOG] Loaded model: stalagmite (mesh maxDim=1.899) @ http://localhost:5175/src/main.js?t=1776060854667:1013
[ 3507173ms] [LOG] Loaded model: rock-forest (mesh maxDim=1.899) @ http://localhost:5175/src/main.js?t=1776060854667:1013
[ 3507957ms] [LOG] Loaded model: temple (mesh maxDim=1.899) @ http://localhost:5175/src/main.js?t=1776060854667:1013
[ 3507979ms] [LOG] Loaded model: rock-cave (mesh maxDim=1.899) @ http://localhost:5175/src/main.js?t=1776060854667:1013
[ 3508022ms] [LOG] Loaded model: mushroom-cave (mesh maxDim=1.899) @ http://localhost:5175/src/main.js?t=1776060854667:1013
[ 3508071ms] [LOG] Loaded model: volcano-small (mesh maxDim=1.898) @ http://localhost:5175/src/main.js?t=1776060854667:1013
[ 3508104ms] [LOG] Loaded model: rock-lava (mesh maxDim=1.899) @ http://localhost:5175/src/main.js?t=1776060854667:1013
[ 3508344ms] [LOG] Loaded model: path-corner (mesh maxDim=1.898) @ http://localhost:5175/src/main.js?t=1776060854667:1013
[ 3508814ms] [LOG] Loaded model: path-straight (mesh maxDim=1.900) @ http://localhost:5175/src/main.js?t=1776060854667:1013
[ 3508814ms] [LOG] All models loaded, refreshing level preview... @ http://localhost:5175/src/main.js?t=1776060854667:978
[ 3682228ms] [LOG] Loaded model: tower-ice (mesh maxDim=1.899) @ http://localhost:5175/src/main.js?t=1776061037863:1014
[ 3682240ms] [LOG] Loaded model: enemy-orc (mesh maxDim=1.898) @ http://localhost:5175/src/main.js?t=1776061037863:1014
[ 3682279ms] [LOG] Loaded model: tower-cannon (mesh maxDim=1.899) @ http://localhost:5175/src/main.js?t=1776061037863:1014
[ 3682350ms] [LOG] Loaded model: tower-magic (mesh maxDim=1.899) @ http://localhost:5175/src/main.js?t=1776061037863:1014
[ 3682477ms] [LOG] Loaded model: enemy-goblin (mesh maxDim=0.010) @ http://localhost:5175/src/main.js?t=1776061037863:1014
[ 3682869ms] [LOG] Loaded model: enemy-bat (mesh maxDim=0.019) @ http://localhost:5175/src/main.js?t=1776061037863:1014
[ 3683244ms] [LOG] Loaded model: enemy-boss (mesh maxDim=1.899) @ http://localhost:5175/src/main.js?t=1776061037863:1014
[ 3683658ms] [LOG] Loaded model: tower-arrow (mesh maxDim=1.899) @ http://localhost:5175/src/main.js?t=1776061037863:1014
[ 3683662ms] [LOG] Loaded model: enemy-golem (mesh maxDim=0.010) @ http://localhost:5175/src/main.js?t=1776061037863:1014
[ 3683913ms] [LOG] Loaded model: enemy-troll (mesh maxDim=1.899) @ http://localhost:5175/src/main.js?t=1776061037863:1014
[ 3683917ms] [LOG] Loaded model: portal (mesh maxDim=1.899) @ http://localhost:5175/src/main.js?t=1776061037863:1014
[ 3684179ms] [LOG] Loaded model: stalagmite (mesh maxDim=1.899) @ http://localhost:5175/src/main.js?t=1776061037863:1014
[ 3684199ms] [LOG] Loaded model: rock-forest (mesh maxDim=1.899) @ http://localhost:5175/src/main.js?t=1776061037863:1014
[ 3684207ms] [LOG] Loaded model: tree-pine (mesh maxDim=1.899) @ http://localhost:5175/src/main.js?t=1776061037863:1014
[ 3684728ms] [LOG] Loaded model: mushroom-cave (mesh maxDim=1.899) @ http://localhost:5175/src/main.js?t=1776061037863:1014
[ 3684731ms] [LOG] Loaded model: rock-cave (mesh maxDim=1.899) @ http://localhost:5175/src/main.js?t=1776061037863:1014
[ 3684773ms] [LOG] Loaded model: volcano-small (mesh maxDim=1.898) @ http://localhost:5175/src/main.js?t=1776061037863:1014
[ 3684792ms] [LOG] Loaded model: temple (mesh maxDim=1.899) @ http://localhost:5175/src/main.js?t=1776061037863:1014
[ 3684809ms] [LOG] Loaded model: rock-lava (mesh maxDim=1.899) @ http://localhost:5175/src/main.js?t=1776061037863:1014
[ 3684832ms] [LOG] Loaded model: path-corner (mesh maxDim=1.898) @ http://localhost:5175/src/main.js?t=1776061037863:1014
[ 3684978ms] [LOG] Loaded model: path-straight (mesh maxDim=1.900) @ http://localhost:5175/src/main.js?t=1776061037863:1014
[ 3684978ms] [LOG] All models loaded, refreshing level preview... @ http://localhost:5175/src/main.js?t=1776061037863:979
[ 3820288ms] [LOG] Loaded model: tower-ice (mesh maxDim=1.899) @ http://localhost:5175/src/main.js?t=1776061175919:1017
[ 3820418ms] [LOG] Loaded model: tower-cannon (mesh maxDim=1.899) @ http://localhost:5175/src/main.js?t=1776061175919:1017
[ 3820425ms] [LOG] Loaded model: enemy-orc (mesh maxDim=1.898) @ http://localhost:5175/src/main.js?t=1776061175919:1017
[ 3820567ms] [LOG] Loaded model: tower-magic (mesh maxDim=1.899) @ http://localhost:5175/src/main.js?t=1776061175919:1017
[ 3820659ms] [LOG] Loaded model: enemy-goblin (mesh maxDim=0.010) @ http://localhost:5175/src/main.js?t=1776061175919:1017
[ 3821054ms] [LOG] Loaded model: enemy-bat (mesh maxDim=0.019) @ http://localhost:5175/src/main.js?t=1776061175919:1017
[ 3822025ms] [LOG] Loaded model: enemy-boss (mesh maxDim=1.899) @ http://localhost:5175/src/main.js?t=1776061175919:1017
[ 3822068ms] [LOG] Loaded model: tower-arrow (mesh maxDim=1.899) @ http://localhost:5175/src/main.js?t=1776061175919:1017
[ 3822114ms] [LOG] Loaded model: enemy-golem (mesh maxDim=0.010) @ http://localhost:5175/src/main.js?t=1776061175919:1017
[ 3822600ms] [LOG] Loaded model: portal (mesh maxDim=1.899) @ http://localhost:5175/src/main.js?t=1776061175919:1017
[ 3822611ms] [LOG] Loaded model: enemy-troll (mesh maxDim=1.899) @ http://localhost:5175/src/main.js?t=1776061175919:1017
[ 3822642ms] [LOG] Loaded model: rock-forest (mesh maxDim=1.899) @ http://localhost:5175/src/main.js?t=1776061175919:1017
[ 3822651ms] [LOG] Loaded model: stalagmite (mesh maxDim=1.899) @ http://localhost:5175/src/main.js?t=1776061175919:1017
[ 3822699ms] [LOG] Loaded model: tree-pine (mesh maxDim=1.899) @ http://localhost:5175/src/main.js?t=1776061175919:1017
[ 3822799ms] [LOG] Loaded model: temple (mesh maxDim=1.899) @ http://localhost:5175/src/main.js?t=1776061175919:1017
[ 3822803ms] [LOG] Loaded model: rock-cave (mesh maxDim=1.899) @ http://localhost:5175/src/main.js?t=1776061175919:1017
[ 3822814ms] [LOG] Loaded model: mushroom-cave (mesh maxDim=1.899) @ http://localhost:5175/src/main.js?t=1776061175919:1017
[ 3822845ms] [LOG] Loaded model: volcano-small (mesh maxDim=1.898) @ http://localhost:5175/src/main.js?t=1776061175919:1017
[ 3822871ms] [LOG] Loaded model: path-corner (mesh maxDim=1.898) @ http://localhost:5175/src/main.js?t=1776061175919:1017
[ 3822901ms] [LOG] Loaded model: rock-lava (mesh maxDim=1.899) @ http://localhost:5175/src/main.js?t=1776061175919:1017
[ 3822979ms] [LOG] Loaded model: path-straight (mesh maxDim=1.900) @ http://localhost:5175/src/main.js?t=1776061175919:1017
[ 3822980ms] [LOG] All models loaded, refreshing level preview... @ http://localhost:5175/src/main.js?t=1776061175919:982
[ 3961687ms] [LOG] Loaded model: tower-cannon (mesh maxDim=1.899) @ http://localhost:5175/src/main.js?t=1776061317458:1018
[ 3961702ms] [LOG] Loaded model: tower-magic (mesh maxDim=1.899) @ http://localhost:5175/src/main.js?t=1776061317458:1018
[ 3961708ms] [LOG] Loaded model: tower-ice (mesh maxDim=1.899) @ http://localhost:5175/src/main.js?t=1776061317458:1018
[ 3961764ms] [LOG] Loaded model: enemy-goblin (mesh maxDim=0.010) @ http://localhost:5175/src/main.js?t=1776061317458:1018
[ 3961768ms] [LOG] Loaded model: enemy-orc (mesh maxDim=1.898) @ http://localhost:5175/src/main.js?t=1776061317458:1018
[ 3961960ms] [LOG] Loaded model: enemy-bat (mesh maxDim=0.019) @ http://localhost:5175/src/main.js?t=1776061317458:1018
[ 3962404ms] [LOG] Loaded model: tower-arrow (mesh maxDim=1.899) @ http://localhost:5175/src/main.js?t=1776061317458:1018
[ 3962416ms] [LOG] Loaded model: enemy-boss (mesh maxDim=1.899) @ http://localhost:5175/src/main.js?t=1776061317458:1018
[ 3962449ms] [LOG] Loaded model: enemy-golem (mesh maxDim=0.010) @ http://localhost:5175/src/main.js?t=1776061317458:1018
[ 3963160ms] [LOG] Loaded model: enemy-troll (mesh maxDim=1.899) @ http://localhost:5175/src/main.js?t=1776061317458:1018
[ 3963206ms] [LOG] Loaded model: rock-forest (mesh maxDim=1.899) @ http://localhost:5175/src/main.js?t=1776061317458:1018
[ 3963210ms] [LOG] Loaded model: portal (mesh maxDim=1.899) @ http://localhost:5175/src/main.js?t=1776061317458:1018
[ 3963217ms] [LOG] Loaded model: stalagmite (mesh maxDim=1.899) @ http://localhost:5175/src/main.js?t=1776061317458:1018
[ 3963249ms] [LOG] Loaded model: tree-pine (mesh maxDim=1.899) @ http://localhost:5175/src/main.js?t=1776061317458:1018
[ 3963345ms] [LOG] Loaded model: temple (mesh maxDim=1.899) @ http://localhost:5175/src/main.js?t=1776061317458:1018
[ 3963602ms] [LOG] Loaded model: rock-cave (mesh maxDim=1.899) @ http://localhost:5175/src/main.js?t=1776061317458:1018
[ 3963881ms] [LOG] Loaded model: volcano-small (mesh maxDim=1.898) @ http://localhost:5175/src/main.js?t=1776061317458:1018
[ 3963883ms] [LOG] Loaded model: mushroom-cave (mesh maxDim=1.899) @ http://localhost:5175/src/main.js?t=1776061317458:1018
[ 3964395ms] [LOG] Loaded model: rock-lava (mesh maxDim=1.899) @ http://localhost:5175/src/main.js?t=1776061317458:1018
[ 3964526ms] [LOG] Loaded model: path-corner (mesh maxDim=1.898) @ http://localhost:5175/src/main.js?t=1776061317458:1018
[ 3964694ms] [LOG] Loaded model: path-straight (mesh maxDim=1.900) @ http://localhost:5175/src/main.js?t=1776061317458:1018
[ 3964694ms] [LOG] All models loaded, refreshing level preview... @ http://localhost:5175/src/main.js?t=1776061317458:983
[ 4146525ms] [LOG] Loaded model: enemy-orc (mesh maxDim=1.898) @ http://localhost:5175/src/main.js?t=1776061498466:1018
[ 4146933ms] [LOG] Loaded model: tower-cannon (mesh maxDim=1.899) @ http://localhost:5175/src/main.js?t=1776061498466:1018
[ 4147080ms] [LOG] Loaded model: tower-ice (mesh maxDim=1.899) @ http://localhost:5175/src/main.js?t=1776061498466:1018
[ 4147085ms] [LOG] Loaded model: tower-magic (mesh maxDim=1.899) @ http://localhost:5175/src/main.js?t=1776061498466:1018
[ 4147152ms] [LOG] Loaded model: enemy-goblin (mesh maxDim=0.010) @ http://localhost:5175/src/main.js?t=1776061498466:1018
[ 4147621ms] [LOG] Loaded model: enemy-bat (mesh maxDim=0.019) @ http://localhost:5175/src/main.js?t=1776061498466:1018
[ 4148124ms] [LOG] Loaded model: enemy-boss (mesh maxDim=1.899) @ http://localhost:5175/src/main.js?t=1776061498466:1018
[ 4148175ms] [LOG] Loaded model: enemy-golem (mesh maxDim=0.010) @ http://localhost:5175/src/main.js?t=1776061498466:1018
[ 4148180ms] [LOG] Loaded model: tower-arrow (mesh maxDim=1.899) @ http://localhost:5175/src/main.js?t=1776061498466:1018
[ 4148793ms] [LOG] Loaded model: portal (mesh maxDim=1.899) @ http://localhost:5175/src/main.js?t=1776061498466:1018
[ 4148830ms] [LOG] Loaded model: stalagmite (mesh maxDim=1.899) @ http://localhost:5175/src/main.js?t=1776061498466:1018
[ 4148861ms] [LOG] Loaded model: enemy-troll (mesh maxDim=1.899) @ http://localhost:5175/src/main.js?t=1776061498466:1018
[ 4148867ms] [LOG] Loaded model: rock-forest (mesh maxDim=1.899) @ http://localhost:5175/src/main.js?t=1776061498466:1018
[ 4148887ms] [LOG] Loaded model: tree-pine (mesh maxDim=1.899) @ http://localhost:5175/src/main.js?t=1776061498466:1018
[ 4149002ms] [LOG] Loaded model: rock-cave (mesh maxDim=1.899) @ http://localhost:5175/src/main.js?t=1776061498466:1018
[ 4149179ms] [LOG] Loaded model: temple (mesh maxDim=1.899) @ http://localhost:5175/src/main.js?t=1776061498466:1018
[ 4149492ms] [LOG] Loaded model: mushroom-cave (mesh maxDim=1.899) @ http://localhost:5175/src/main.js?t=1776061498466:1018
[ 4149535ms] [LOG] Loaded model: volcano-small (mesh maxDim=1.898) @ http://localhost:5175/src/main.js?t=1776061498466:1018
[ 4149557ms] [LOG] Loaded model: path-corner (mesh maxDim=1.898) @ http://localhost:5175/src/main.js?t=1776061498466:1018
[ 4149580ms] [LOG] Loaded model: rock-lava (mesh maxDim=1.899) @ http://localhost:5175/src/main.js?t=1776061498466:1018
[ 4149914ms] [LOG] Loaded model: path-straight (mesh maxDim=1.900) @ http://localhost:5175/src/main.js?t=1776061498466:1018
[ 4149915ms] [LOG] All models loaded, refreshing level preview... @ http://localhost:5175/src/main.js?t=1776061498466:983
[ 4315353ms] [LOG] Loaded model: tower-ice (mesh maxDim=1.899) @ http://localhost:5175/src/main.js?t=1776061668281:1018
[ 4315669ms] [LOG] Loaded model: tower-cannon (mesh maxDim=1.899) @ http://localhost:5175/src/main.js?t=1776061668281:1018
[ 4315697ms] [LOG] Loaded model: enemy-orc (mesh maxDim=1.898) @ http://localhost:5175/src/main.js?t=1776061668281:1018
[ 4315743ms] [LOG] Loaded model: tower-magic (mesh maxDim=1.899) @ http://localhost:5175/src/main.js?t=1776061668281:1018
[ 4315774ms] [LOG] Loaded model: enemy-goblin (mesh maxDim=0.010) @ http://localhost:5175/src/main.js?t=1776061668281:1018
[ 4316105ms] [LOG] Loaded model: enemy-bat (mesh maxDim=0.019) @ http://localhost:5175/src/main.js?t=1776061668281:1018
[ 4316362ms] [LOG] Loaded model: enemy-boss (mesh maxDim=1.899) @ http://localhost:5175/src/main.js?t=1776061668281:1018
[ 4316717ms] [LOG] Loaded model: tower-arrow (mesh maxDim=1.899) @ http://localhost:5175/src/main.js?t=1776061668281:1018
[ 4316843ms] [LOG] Loaded model: enemy-golem (mesh maxDim=0.010) @ http://localhost:5175/src/main.js?t=1776061668281:1018
[ 4317477ms] [LOG] Loaded model: rock-forest (mesh maxDim=1.899) @ http://localhost:5175/src/main.js?t=1776061668281:1018
[ 4317548ms] [LOG] Loaded model: portal (mesh maxDim=1.899) @ http://localhost:5175/src/main.js?t=1776061668281:1018
[ 4317573ms] [LOG] Loaded model: stalagmite (mesh maxDim=1.899) @ http://localhost:5175/src/main.js?t=1776061668281:1018
[ 4317582ms] [LOG] Loaded model: enemy-troll (mesh maxDim=1.899) @ http://localhost:5175/src/main.js?t=1776061668281:1018
[ 4317602ms] [LOG] Loaded model: tree-pine (mesh maxDim=1.899) @ http://localhost:5175/src/main.js?t=1776061668281:1018
[ 4318212ms] [LOG] Loaded model: rock-cave (mesh maxDim=1.899) @ http://localhost:5175/src/main.js?t=1776061668281:1018
[ 4318250ms] [LOG] Loaded model: temple (mesh maxDim=1.899) @ http://localhost:5175/src/main.js?t=1776061668281:1018
[ 4318270ms] [LOG] Loaded model: volcano-small (mesh maxDim=1.898) @ http://localhost:5175/src/main.js?t=1776061668281:1018
[ 4318280ms] [LOG] Loaded model: mushroom-cave (mesh maxDim=1.899) @ http://localhost:5175/src/main.js?t=1776061668281:1018
[ 4318314ms] [LOG] Loaded model: rock-lava (mesh maxDim=1.899) @ http://localhost:5175/src/main.js?t=1776061668281:1018
[ 4318427ms] [LOG] Loaded model: path-corner (mesh maxDim=1.898) @ http://localhost:5175/src/main.js?t=1776061668281:1018
[ 4318586ms] [LOG] Loaded model: path-straight (mesh maxDim=1.900) @ http://localhost:5175/src/main.js?t=1776061668281:1018
[ 4318587ms] [LOG] All models loaded, refreshing level preview... @ http://localhost:5175/src/main.js?t=1776061668281:983
[ 4499067ms] [LOG] Loaded model: tower-ice (mesh maxDim=1.899) @ http://localhost:5175/src/main.js?t=1776061854604:1018
[ 4499088ms] [LOG] Loaded model: tower-magic (mesh maxDim=1.899) @ http://localhost:5175/src/main.js?t=1776061854604:1018
[ 4499167ms] [LOG] Loaded model: tower-cannon (mesh maxDim=1.899) @ http://localhost:5175/src/main.js?t=1776061854604:1018
[ 4499169ms] [LOG] Loaded model: enemy-orc (mesh maxDim=1.898) @ http://localhost:5175/src/main.js?t=1776061854604:1018
[ 4499188ms] [LOG] Loaded model: enemy-goblin (mesh maxDim=0.010) @ http://localhost:5175/src/main.js?t=1776061854604:1018
[ 4499395ms] [LOG] Loaded model: enemy-bat (mesh maxDim=0.019) @ http://localhost:5175/src/main.js?t=1776061854604:1018
[ 4499995ms] [LOG] Loaded model: enemy-boss (mesh maxDim=1.899) @ http://localhost:5175/src/main.js?t=1776061854604:1018
[ 4500008ms] [LOG] Loaded model: enemy-golem (mesh maxDim=0.010) @ http://localhost:5175/src/main.js?t=1776061854604:1018
[ 4500054ms] [LOG] Loaded model: tower-arrow (mesh maxDim=1.899) @ http://localhost:5175/src/main.js?t=1776061854604:1018
[ 4500655ms] [LOG] Loaded model: rock-forest (mesh maxDim=1.899) @ http://localhost:5175/src/main.js?t=1776061854604:1018
[ 4500676ms] [LOG] Loaded model: stalagmite (mesh maxDim=1.899) @ http://localhost:5175/src/main.js?t=1776061854604:1018
[ 4500678ms] [LOG] Loaded model: portal (mesh maxDim=1.899) @ http://localhost:5175/src/main.js?t=1776061854604:1018
[ 4500723ms] [LOG] Loaded model: tree-pine (mesh maxDim=1.899) @ http://localhost:5175/src/main.js?t=1776061854604:1018
[ 4500730ms] [LOG] Loaded model: enemy-troll (mesh maxDim=1.899) @ http://localhost:5175/src/main.js?t=1776061854604:1018
[ 4501091ms] [LOG] Loaded model: temple (mesh maxDim=1.899) @ http://localhost:5175/src/main.js?t=1776061854604:1018
[ 4501130ms] [LOG] Loaded model: rock-cave (mesh maxDim=1.899) @ http://localhost:5175/src/main.js?t=1776061854604:1018
[ 4501172ms] [LOG] Loaded model: mushroom-cave (mesh maxDim=1.899) @ http://localhost:5175/src/main.js?t=1776061854604:1018
[ 4501191ms] [LOG] Loaded model: path-corner (mesh maxDim=1.898) @ http://localhost:5175/src/main.js?t=1776061854604:1018
[ 4501203ms] [LOG] Loaded model: volcano-small (mesh maxDim=1.898) @ http://localhost:5175/src/main.js?t=1776061854604:1018
[ 4501214ms] [LOG] Loaded model: rock-lava (mesh maxDim=1.899) @ http://localhost:5175/src/main.js?t=1776061854604:1018
[ 4501300ms] [LOG] Loaded model: path-straight (mesh maxDim=1.900) @ http://localhost:5175/src/main.js?t=1776061854604:1018
[ 4501301ms] [LOG] All models loaded, refreshing level preview... @ http://localhost:5175/src/main.js?t=1776061854604:983
[ 4693066ms] [LOG] Loaded model: tower-ice (mesh maxDim=1.899) @ http://localhost:5175/src/main.js?t=1776062047911:1018
[ 4693198ms] [LOG] Loaded model: enemy-goblin (mesh maxDim=0.010) @ http://localhost:5175/src/main.js?t=1776062047911:1018
[ 4693236ms] [LOG] Loaded model: tower-magic (mesh maxDim=1.899) @ http://localhost:5175/src/main.js?t=1776062047911:1018
[ 4693241ms] [LOG] Loaded model: enemy-orc (mesh maxDim=1.898) @ http://localhost:5175/src/main.js?t=1776062047911:1018
[ 4693312ms] [LOG] Loaded model: tower-cannon (mesh maxDim=1.899) @ http://localhost:5175/src/main.js?t=1776062047911:1018
[ 4694330ms] [LOG] Loaded model: enemy-bat (mesh maxDim=0.019) @ http://localhost:5175/src/main.js?t=1776062047911:1018
[ 4694689ms] [LOG] Loaded model: enemy-boss (mesh maxDim=1.899) @ http://localhost:5175/src/main.js?t=1776062047911:1018
[ 4694997ms] [LOG] Loaded model: enemy-golem (mesh maxDim=0.010) @ http://localhost:5175/src/main.js?t=1776062047911:1018
[ 4695937ms] [LOG] Loaded model: tree-pine (mesh maxDim=1.899) @ http://localhost:5175/src/main.js?t=1776062047911:1018
[ 4695963ms] [LOG] Loaded model: tower-arrow (mesh maxDim=1.899) @ http://localhost:5175/src/main.js?t=1776062047911:1018
[ 4696014ms] [LOG] Loaded model: rock-forest (mesh maxDim=1.899) @ http://localhost:5175/src/main.js?t=1776062047911:1018
[ 4696038ms] [LOG] Loaded model: portal (mesh maxDim=1.899) @ http://localhost:5175/src/main.js?t=1776062047911:1018
[ 4696047ms] [LOG] Loaded model: stalagmite (mesh maxDim=1.899) @ http://localhost:5175/src/main.js?t=1776062047911:1018
[ 4696108ms] [LOG] Loaded model: enemy-troll (mesh maxDim=1.899) @ http://localhost:5175/src/main.js?t=1776062047911:1018
[ 4696122ms] [LOG] Loaded model: rock-cave (mesh maxDim=1.899) @ http://localhost:5175/src/main.js?t=1776062047911:1018
[ 4696612ms] [LOG] Loaded model: mushroom-cave (mesh maxDim=1.899) @ http://localhost:5175/src/main.js?t=1776062047911:1018
[ 4696645ms] [LOG] Loaded model: temple (mesh maxDim=1.899) @ http://localhost:5175/src/main.js?t=1776062047911:1018
[ 4696699ms] [LOG] Loaded model: path-corner (mesh maxDim=1.898) @ http://localhost:5175/src/main.js?t=1776062047911:1018
[ 4696702ms] [LOG] Loaded model: volcano-small (mesh maxDim=1.898) @ http://localhost:5175/src/main.js?t=1776062047911:1018
[ 4696719ms] [LOG] Loaded model: rock-lava (mesh maxDim=1.899) @ http://localhost:5175/src/main.js?t=1776062047911:1018
[ 4696931ms] [LOG] Loaded model: path-straight (mesh maxDim=1.900) @ http://localhost:5175/src/main.js?t=1776062047911:1018
[ 4696931ms] [LOG] All models loaded, refreshing level preview... @ http://localhost:5175/src/main.js?t=1776062047911:983
[ 4863655ms] [LOG] Loaded model: tower-ice (mesh maxDim=1.899) @ http://localhost:5175/src/main.js?t=1776062218945:1018
[ 4863915ms] [LOG] Loaded model: tower-magic (mesh maxDim=1.899) @ http://localhost:5175/src/main.js?t=1776062218945:1018
[ 4864124ms] [LOG] Loaded model: enemy-orc (mesh maxDim=1.898) @ http://localhost:5175/src/main.js?t=1776062218945:1018
[ 4864141ms] [LOG] Loaded model: tower-cannon (mesh maxDim=1.899) @ http://localhost:5175/src/main.js?t=1776062218945:1018
[ 4864278ms] [LOG] Loaded model: enemy-goblin (mesh maxDim=0.010) @ http://localhost:5175/src/main.js?t=1776062218945:1018
[ 4865266ms] [LOG] Loaded model: enemy-bat (mesh maxDim=0.019) @ http://localhost:5175/src/main.js?t=1776062218945:1018
[ 4865445ms] [LOG] Loaded model: enemy-boss (mesh maxDim=1.899) @ http://localhost:5175/src/main.js?t=1776062218945:1018
[ 4865667ms] [LOG] Loaded model: enemy-golem (mesh maxDim=0.010) @ http://localhost:5175/src/main.js?t=1776062218945:1018
[ 4865927ms] [LOG] Loaded model: tower-arrow (mesh maxDim=1.899) @ http://localhost:5175/src/main.js?t=1776062218945:1018
[ 4866368ms] [LOG] Loaded model: rock-forest (mesh maxDim=1.899) @ http://localhost:5175/src/main.js?t=1776062218945:1018
[ 4866436ms] [LOG] Loaded model: stalagmite (mesh maxDim=1.899) @ http://localhost:5175/src/main.js?t=1776062218945:1018
[ 4866440ms] [LOG] Loaded model: enemy-troll (mesh maxDim=1.899) @ http://localhost:5175/src/main.js?t=1776062218945:1018
[ 4866459ms] [LOG] Loaded model: tree-pine (mesh maxDim=1.899) @ http://localhost:5175/src/main.js?t=1776062218945:1018
[ 4866478ms] [LOG] Loaded model: portal (mesh maxDim=1.899) @ http://localhost:5175/src/main.js?t=1776062218945:1018
[ 4866883ms] [LOG] Loaded model: mushroom-cave (mesh maxDim=1.899) @ http://localhost:5175/src/main.js?t=1776062218945:1018
[ 4866966ms] [LOG] Loaded model: rock-cave (mesh maxDim=1.899) @ http://localhost:5175/src/main.js?t=1776062218945:1018
[ 4866976ms] [LOG] Loaded model: volcano-small (mesh maxDim=1.898) @ http://localhost:5175/src/main.js?t=1776062218945:1018
[ 4866984ms] [LOG] Loaded model: temple (mesh maxDim=1.899) @ http://localhost:5175/src/main.js?t=1776062218945:1018
[ 4867160ms] [LOG] Loaded model: path-corner (mesh maxDim=1.898) @ http://localhost:5175/src/main.js?t=1776062218945:1018
[ 4867164ms] [LOG] Loaded model: rock-lava (mesh maxDim=1.899) @ http://localhost:5175/src/main.js?t=1776062218945:1018
[ 4867221ms] [LOG] Loaded model: path-straight (mesh maxDim=1.900) @ http://localhost:5175/src/main.js?t=1776062218945:1018
[ 4867221ms] [LOG] All models loaded, refreshing level preview... @ http://localhost:5175/src/main.js?t=1776062218945:983
[ 5120241ms] [LOG] Loaded model: tower-ice (mesh maxDim=1.899) @ http://localhost:5175/src/main.js?t=1776062472840:1018
[ 5120272ms] [LOG] Loaded model: enemy-orc (mesh maxDim=1.898) @ http://localhost:5175/src/main.js?t=1776062472840:1018
[ 5120489ms] [LOG] Loaded model: tower-magic (mesh maxDim=1.899) @ http://localhost:5175/src/main.js?t=1776062472840:1018
[ 5120775ms] [LOG] Loaded model: tower-cannon (mesh maxDim=1.899) @ http://localhost:5175/src/main.js?t=1776062472840:1018
[ 5120791ms] [LOG] Loaded model: enemy-goblin (mesh maxDim=0.010) @ http://localhost:5175/src/main.js?t=1776062472840:1018
[ 5121576ms] [LOG] Loaded model: enemy-bat (mesh maxDim=0.019) @ http://localhost:5175/src/main.js?t=1776062472840:1018
[ 5122536ms] [LOG] Loaded model: enemy-boss (mesh maxDim=1.899) @ http://localhost:5175/src/main.js?t=1776062472840:1018
[ 5123158ms] [LOG] Loaded model: tower-arrow (mesh maxDim=1.899) @ http://localhost:5175/src/main.js?t=1776062472840:1018
[ 5123176ms] [LOG] Loaded model: enemy-golem (mesh maxDim=0.010) @ http://localhost:5175/src/main.js?t=1776062472840:1018
[ 5123925ms] [LOG] Loaded model: portal (mesh maxDim=1.899) @ http://localhost:5175/src/main.js?t=1776062472840:1018
[ 5124170ms] [LOG] Loaded model: enemy-troll (mesh maxDim=1.899) @ http://localhost:5175/src/main.js?t=1776062472840:1018
[ 5124174ms] [LOG] Loaded model: stalagmite (mesh maxDim=1.899) @ http://localhost:5175/src/main.js?t=1776062472840:1018
[ 5124253ms] [LOG] Loaded model: tree-pine (mesh maxDim=1.899) @ http://localhost:5175/src/main.js?t=1776062472840:1018
[ 5124480ms] [LOG] Loaded model: rock-forest (mesh maxDim=1.899) @ http://localhost:5175/src/main.js?t=1776062472840:1018
[ 5125389ms] [LOG] Loaded model: rock-cave (mesh maxDim=1.899) @ http://localhost:5175/src/main.js?t=1776062472840:1018
[ 5126266ms] [LOG] Loaded model: volcano-small (mesh maxDim=1.898) @ http://localhost:5175/src/main.js?t=1776062472840:1018
[ 5126272ms] [LOG] Loaded model: temple (mesh maxDim=1.899) @ http://localhost:5175/src/main.js?t=1776062472840:1018
[ 5126306ms] [LOG] Loaded model: mushroom-cave (mesh maxDim=1.899) @ http://localhost:5175/src/main.js?t=1776062472840:1018
[ 5126636ms] [LOG] Loaded model: rock-lava (mesh maxDim=1.899) @ http://localhost:5175/src/main.js?t=1776062472840:1018
[ 5127131ms] [LOG] Loaded model: path-corner (mesh maxDim=1.898) @ http://localhost:5175/src/main.js?t=1776062472840:1018
[ 5128126ms] [LOG] Loaded model: path-straight (mesh maxDim=1.900) @ http://localhost:5175/src/main.js?t=1776062472840:1018
[ 5128126ms] [LOG] All models loaded, refreshing level preview... @ http://localhost:5175/src/main.js?t=1776062472840:983
